[INFO] Scanning for projects...
[INFO]                                                                         
[INFO] ------------------------------------------------------------------------
[INFO] Building http-client 1.31-SNAPSHOT
[INFO] ------------------------------------------------------------------------
[INFO] 
[INFO] --- maven-help-plugin:2.2:effective-pom (default-cli) @ http-client ---
[INFO] 
Effective POMs, after inheritance, interpolation, and profiles are applied:

<?xml version="1.0" encoding="UTF-8"?>
<!-- ====================================================================== -->
<!--                                                                        -->
<!-- Generated by Maven Help Plugin on 2016-03-03T03:54:34                  -->
<!-- See: http://maven.apache.org/plugins/maven-help-plugin/                -->
<!--                                                                        -->
<!-- ====================================================================== -->

<!-- ====================================================================== -->
<!--                                                                        -->
<!-- Effective POM for project                                              -->
<!-- 'com.proofpoint.platform:http-client:jar:1.31-SNAPSHOT'                -->
<!--                                                                        -->
<!-- ====================================================================== -->

<project xmlns="http://maven.apache.org/POM/4.0.0" xmlns:xsi="http://www.w3.org/2001/XMLSchema-instance" xsi:schemaLocation="http://maven.apache.org/POM/4.0.0 http://maven.apache.org/xsd/maven-4.0.0.xsd">
  <modelVersion>4.0.0</modelVersion>
  <parent>
    <groupId>com.proofpoint.platform</groupId>
    <artifactId>platform</artifactId>
    <version>1.31-SNAPSHOT</version>
  </parent>
  <groupId>com.proofpoint.platform</groupId>
  <artifactId>http-client</artifactId>
  <version>1.31-SNAPSHOT</version>
  <description>Proofpoint platform</description>
  <url>https://github.com/proofpoint/platform/http-client</url>
  <inceptionYear>2010</inceptionYear>
  <organization>
    <name>Proofpoint, Inc.</name>
    <url>http://www.proofpoint.com</url>
  </organization>
  <licenses>
    <license>
      <name>Apache License 2.0</name>
      <url>http://www.apache.org/licenses/LICENSE-2.0</url>
      <distribution>repo</distribution>
    </license>
  </licenses>
  <developers>
    <developer>
      <id>jgmyers</id>
      <name>John Gardiner Myers</name>
      <email>jgmyers@proofpoint.com</email>
    </developer>
  </developers>
  <scm>
    <connection>scm:git:git://github.com/proofpoint/platform.git/http-client</connection>
    <developerConnection>scm:git:git@github.com:proofpoint/platform.git/http-client</developerConnection>
    <url>http://github.com/proofpoint/platform/tree/master/http-client</url>
  </scm>
  <distributionManagement>
    <repository>
      <id>sonatype-nexus-staging</id>
      <name>Nexus Release Repository</name>
      <url>https://oss.sonatype.org/service/local/staging/deploy/maven2/</url>
    </repository>
    <snapshotRepository>
      <id>sonatype-nexus-snapshots</id>
      <name>Sonatype Nexus Snapshots</name>
      <url>https://oss.sonatype.org/content/repositories/snapshots/</url>
    </snapshotRepository>
  </distributionManagement>
  <properties>
    <dep.guice.version>4.0</dep.guice.version>
    <dep.jackson.version>2.6.4</dep.jackson.version>
    <dep.javax-servlet.version>3.1.0</dep.javax-servlet.version>
    <dep.jersey.version>2.22</dep.jersey.version>
    <dep.jetty.version>9.3.6.v20151106</dep.jetty.version>
    <dep.logback.version>1.1.3</dep.logback.version>
    <dep.slf4j.version>1.7.12</dep.slf4j.version>
    <platform.build.jvmsize>1024m</platform.build.jvmsize>
    <platform.check.fail-all>true</platform.check.fail-all>
    <platform.check.fail-basic>true</platform.check.fail-basic>
    <platform.check.fail-duplicate-finder>true</platform.check.fail-duplicate-finder>
    <platform.check.fail-enforcer>true</platform.check.fail-enforcer>
    <platform.check.fail-extended>true</platform.check.fail-extended>
    <platform.check.fail-findbugs>false</platform.check.fail-findbugs>
    <platform.check.skip-all>false</platform.check.skip-all>
    <platform.check.skip-basic>false</platform.check.skip-basic>
    <platform.check.skip-duplicate-finder>false</platform.check.skip-duplicate-finder>
    <platform.check.skip-enforcer>false</platform.check.skip-enforcer>
    <platform.check.skip-extended>false</platform.check.skip-extended>
    <platform.check.skip-findbugs>false</platform.check.skip-findbugs>
    <platform.check.skip-jacoco>false</platform.check.skip-jacoco>
    <platform.javadoc.lint>all</platform.javadoc.lint>
    <platform.test.fork-mode>once</platform.test.fork-mode>
    <platform.test.jvmsize>1024m</platform.test.jvmsize>
    <project.build.sourceEncoding>UTF-8</project.build.sourceEncoding>
    <project.build.targetJdk>1.8</project.build.targetJdk>
    <project.report.inputEncoding>UTF-8</project.report.inputEncoding>
    <project.report.outputEncoding>UTF-8</project.report.outputEncoding>
  </properties>
  <dependencyManagement>
    <dependencies>
      <dependency>
        <groupId>com.proofpoint.platform</groupId>
        <artifactId>bootstrap</artifactId>
        <version>1.31-SNAPSHOT</version>
      </dependency>
      <dependency>
        <groupId>com.proofpoint.platform</groupId>
        <artifactId>configuration</artifactId>
        <version>1.31-SNAPSHOT</version>
      </dependency>
      <dependency>
        <groupId>com.proofpoint.platform</groupId>
        <artifactId>concurrent</artifactId>
        <version>1.31-SNAPSHOT</version>
      </dependency>
      <dependency>
        <groupId>com.proofpoint.platform</groupId>
        <artifactId>dbpool</artifactId>
        <version>1.28-SNAPSHOT</version>
      </dependency>
      <dependency>
        <groupId>com.proofpoint.platform</groupId>
        <artifactId>discovery</artifactId>
        <version>1.31-SNAPSHOT</version>
      </dependency>
      <dependency>
        <groupId>com.proofpoint.platform</groupId>
        <artifactId>event</artifactId>
        <version>1.31-SNAPSHOT</version>
      </dependency>
      <dependency>
        <groupId>com.proofpoint.platform</groupId>
        <artifactId>jaxrs</artifactId>
        <version>1.31-SNAPSHOT</version>
      </dependency>
      <dependency>
        <groupId>com.proofpoint.platform</groupId>
        <artifactId>http-server</artifactId>
        <version>1.31-SNAPSHOT</version>
      </dependency>
      <dependency>
        <groupId>com.proofpoint.platform</groupId>
        <artifactId>http-client</artifactId>
        <version>1.31-SNAPSHOT</version>
      </dependency>
      <dependency>
        <groupId>com.proofpoint.platform</groupId>
        <artifactId>json</artifactId>
        <version>1.31-SNAPSHOT</version>
      </dependency>
      <dependency>
        <groupId>com.proofpoint.platform</groupId>
        <artifactId>jmx</artifactId>
        <version>1.31-SNAPSHOT</version>
      </dependency>
      <dependency>
        <groupId>com.proofpoint.platform</groupId>
        <artifactId>launcher</artifactId>
        <version>1.31-SNAPSHOT</version>
        <type>tar.gz</type>
        <classifier>bin</classifier>
      </dependency>
      <dependency>
        <groupId>com.proofpoint.platform</groupId>
        <artifactId>log</artifactId>
        <version>1.31-SNAPSHOT</version>
      </dependency>
      <dependency>
        <groupId>com.proofpoint.platform</groupId>
        <artifactId>node</artifactId>
        <version>1.31-SNAPSHOT</version>
      </dependency>
      <dependency>
        <groupId>com.proofpoint.platform</groupId>
        <artifactId>reporting</artifactId>
        <version>1.31-SNAPSHOT</version>
      </dependency>
      <dependency>
        <groupId>com.proofpoint.platform</groupId>
        <artifactId>reporting-client</artifactId>
        <version>1.31-SNAPSHOT</version>
      </dependency>
      <dependency>
        <groupId>com.proofpoint.platform</groupId>
        <artifactId>stats</artifactId>
        <version>1.31-SNAPSHOT</version>
      </dependency>
      <dependency>
        <groupId>com.proofpoint.platform</groupId>
        <artifactId>units</artifactId>
        <version>1.31-SNAPSHOT</version>
      </dependency>
      <dependency>
        <groupId>com.proofpoint.platform</groupId>
        <artifactId>testing</artifactId>
        <version>1.31-SNAPSHOT</version>
      </dependency>
      <dependency>
        <groupId>com.proofpoint.platform</groupId>
        <artifactId>trace-token</artifactId>
        <version>1.31-SNAPSHOT</version>
      </dependency>
      <dependency>
        <groupId>com.proofpoint.platform</groupId>
        <artifactId>jmx-http</artifactId>
        <version>1.31-SNAPSHOT</version>
      </dependency>
      <dependency>
        <groupId>javax.inject</groupId>
        <artifactId>javax.inject</artifactId>
        <version>1</version>
      </dependency>
      <dependency>
        <groupId>javax.servlet</groupId>
        <artifactId>javax.servlet-api</artifactId>
        <version>3.1.0</version>
      </dependency>
      <dependency>
        <groupId>javax.validation</groupId>
        <artifactId>validation-api</artifactId>
        <version>1.1.0.Final</version>
      </dependency>
      <dependency>
        <groupId>org.slf4j</groupId>
        <artifactId>slf4j-api</artifactId>
        <version>1.7.12</version>
      </dependency>
      <dependency>
        <groupId>org.slf4j</groupId>
        <artifactId>slf4j-nop</artifactId>
        <version>1.7.12</version>
      </dependency>
      <dependency>
        <groupId>org.slf4j</groupId>
        <artifactId>slf4j-simple</artifactId>
        <version>1.7.12</version>
      </dependency>
      <dependency>
        <groupId>org.slf4j</groupId>
        <artifactId>slf4j-ext</artifactId>
        <version>1.7.12</version>
      </dependency>
      <dependency>
        <groupId>org.slf4j</groupId>
        <artifactId>jcl-over-slf4j</artifactId>
        <version>1.7.12</version>
      </dependency>
      <dependency>
        <groupId>org.slf4j</groupId>
        <artifactId>jul-to-slf4j</artifactId>
        <version>1.7.12</version>
      </dependency>
      <dependency>
        <groupId>org.slf4j</groupId>
        <artifactId>log4j-over-slf4j</artifactId>
        <version>1.7.12</version>
      </dependency>
      <dependency>
        <groupId>org.slf4j</groupId>
        <artifactId>slf4j-jdk14</artifactId>
        <version>1.7.12</version>
      </dependency>
      <dependency>
        <groupId>ch.qos.logback</groupId>
        <artifactId>logback-classic</artifactId>
        <version>1.1.3</version>
      </dependency>
      <dependency>
        <groupId>ch.qos.logback</groupId>
        <artifactId>logback-core</artifactId>
        <version>1.1.3</version>
      </dependency>
      <dependency>
        <groupId>javax.ws.rs</groupId>
        <artifactId>javax.ws.rs-api</artifactId>
        <version>2.0.1</version>
      </dependency>
      <dependency>
        <groupId>org.glassfish.jersey.core</groupId>
        <artifactId>jersey-common</artifactId>
        <version>2.22</version>
        <exclusions>
          <exclusion>
            <artifactId>javax.inject</artifactId>
            <groupId>org.glassfish.hk2.external</groupId>
          </exclusion>
          <exclusion>
            <artifactId>aopalliance-repackaged</artifactId>
            <groupId>org.glassfish.hk2.external</groupId>
          </exclusion>
        </exclusions>
      </dependency>
      <dependency>
        <groupId>org.glassfish.jersey.core</groupId>
        <artifactId>jersey-server</artifactId>
        <version>2.22</version>
        <exclusions>
          <exclusion>
            <artifactId>javax.inject</artifactId>
            <groupId>org.glassfish.hk2.external</groupId>
          </exclusion>
        </exclusions>
      </dependency>
      <dependency>
        <groupId>org.glassfish.jersey.containers</groupId>
        <artifactId>jersey-container-servlet-core</artifactId>
        <version>2.22</version>
        <exclusions>
          <exclusion>
            <artifactId>javax.inject</artifactId>
            <groupId>org.glassfish.hk2.external</groupId>
          </exclusion>
        </exclusions>
      </dependency>
      <dependency>
        <groupId>org.glassfish.jersey.media</groupId>
        <artifactId>jersey-media-multipart</artifactId>
        <version>2.22</version>
      </dependency>
      <dependency>
        <groupId>javax.annotation</groupId>
        <artifactId>javax.annotation-api</artifactId>
        <version>1.2</version>
      </dependency>
      <dependency>
        <groupId>org.weakref</groupId>
        <artifactId>jmxutils</artifactId>
        <version>1.18</version>
      </dependency>
      <dependency>
        <groupId>joda-time</groupId>
        <artifactId>joda-time</artifactId>
        <version>2.9</version>
      </dependency>
      <dependency>
        <groupId>org.apache.bval</groupId>
        <artifactId>bval-jsr303</artifactId>
        <version>0.5</version>
      </dependency>
      <dependency>
        <groupId>com.google.guava</groupId>
        <artifactId>guava</artifactId>
        <version>19.0</version>
      </dependency>
      <dependency>
        <groupId>com.google.inject</groupId>
        <artifactId>guice</artifactId>
        <version>4.0</version>
      </dependency>
      <dependency>
        <groupId>com.google.inject.extensions</groupId>
        <artifactId>guice-multibindings</artifactId>
        <version>4.0</version>
      </dependency>
      <dependency>
        <groupId>com.google.inject.extensions</groupId>
        <artifactId>guice-servlet</artifactId>
        <version>4.0</version>
      </dependency>
      <dependency>
        <groupId>com.google.auto.value</groupId>
        <artifactId>auto-value</artifactId>
        <version>1.1</version>
        <exclusions>
          <exclusion>
            <artifactId>jsr305</artifactId>
            <groupId>com.google.code.findbugs</groupId>
          </exclusion>
          <exclusion>
            <artifactId>asm</artifactId>
            <groupId>org.ow2.asm</groupId>
          </exclusion>
        </exclusions>
      </dependency>
      <dependency>
        <groupId>com.fasterxml.jackson.core</groupId>
        <artifactId>jackson-annotations</artifactId>
        <version>2.6.4</version>
      </dependency>
      <dependency>
        <groupId>com.fasterxml.jackson.core</groupId>
        <artifactId>jackson-core</artifactId>
        <version>2.6.4</version>
      </dependency>
      <dependency>
        <groupId>com.fasterxml.jackson.core</groupId>
        <artifactId>jackson-databind</artifactId>
        <version>2.6.4</version>
      </dependency>
      <dependency>
        <groupId>com.fasterxml.jackson.module</groupId>
        <artifactId>jackson-module-parameter-names</artifactId>
        <version>2.6.4</version>
      </dependency>
      <dependency>
        <groupId>com.fasterxml.jackson.datatype</groupId>
        <artifactId>jackson-datatype-jdk8</artifactId>
        <version>2.6.4</version>
      </dependency>
      <dependency>
        <groupId>com.fasterxml.jackson.datatype</groupId>
        <artifactId>jackson-datatype-jsr310</artifactId>
        <version>2.6.4</version>
      </dependency>
      <dependency>
        <groupId>com.fasterxml.jackson.datatype</groupId>
        <artifactId>jackson-datatype-guava</artifactId>
        <version>2.6.4</version>
      </dependency>
      <dependency>
        <groupId>com.fasterxml.jackson.datatype</groupId>
        <artifactId>jackson-datatype-joda</artifactId>
        <version>2.6.4</version>
      </dependency>
      <dependency>
        <groupId>com.fasterxml.jackson.dataformat</groupId>
        <artifactId>jackson-dataformat-smile</artifactId>
        <version>2.6.4</version>
      </dependency>
      <dependency>
        <groupId>org.eclipse.jetty</groupId>
        <artifactId>jetty-server</artifactId>
        <version>9.3.6.v20151106</version>
        <exclusions>
          <exclusion>
            <artifactId>javax.servlet</artifactId>
            <groupId>org.eclipse.jetty.orbit</groupId>
          </exclusion>
        </exclusions>
      </dependency>
      <dependency>
        <groupId>org.eclipse.jetty</groupId>
        <artifactId>jetty-servlet</artifactId>
        <version>9.3.6.v20151106</version>
      </dependency>
      <dependency>
        <groupId>org.eclipse.jetty</groupId>
        <artifactId>jetty-util</artifactId>
        <version>9.3.6.v20151106</version>
      </dependency>
      <dependency>
        <groupId>org.eclipse.jetty</groupId>
        <artifactId>jetty-servlets</artifactId>
        <version>9.3.6.v20151106</version>
      </dependency>
      <dependency>
        <groupId>org.eclipse.jetty</groupId>
        <artifactId>jetty-security</artifactId>
        <version>9.3.6.v20151106</version>
      </dependency>
      <dependency>
        <groupId>org.eclipse.jetty</groupId>
        <artifactId>jetty-jmx</artifactId>
        <version>9.3.6.v20151106</version>
      </dependency>
      <dependency>
        <groupId>org.eclipse.jetty</groupId>
        <artifactId>jetty-http</artifactId>
        <version>9.3.6.v20151106</version>
      </dependency>
      <dependency>
        <groupId>org.eclipse.jetty</groupId>
        <artifactId>jetty-client</artifactId>
        <version>9.3.6.v20151106</version>
      </dependency>
      <dependency>
        <groupId>org.eclipse.jetty</groupId>
        <artifactId>jetty-io</artifactId>
        <version>9.3.6.v20151106</version>
      </dependency>
      <dependency>
        <groupId>com.google.code.findbugs</groupId>
        <artifactId>annotations</artifactId>
        <version>2.0.3</version>
      </dependency>
      <dependency>
        <groupId>org.testng</groupId>
        <artifactId>testng</artifactId>
        <version>6.9.6</version>
        <exclusions>
          <exclusion>
            <artifactId>junit</artifactId>
            <groupId>junit</groupId>
          </exclusion>
          <exclusion>
            <artifactId>guice</artifactId>
            <groupId>com.google.inject</groupId>
          </exclusion>
        </exclusions>
      </dependency>
      <dependency>
        <groupId>org.mockito</groupId>
        <artifactId>mockito-core</artifactId>
        <version>1.10.8</version>
      </dependency>
      <dependency>
        <groupId>org.hamcrest</groupId>
        <artifactId>hamcrest-core</artifactId>
        <version>1.3</version>
      </dependency>
      <dependency>
        <groupId>org.hamcrest</groupId>
        <artifactId>hamcrest-library</artifactId>
        <version>1.3</version>
      </dependency>
      <dependency>
        <groupId>org.objenesis</groupId>
        <artifactId>objenesis</artifactId>
        <version>1.3</version>
      </dependency>
    </dependencies>
  </dependencyManagement>
  <dependencies>
    <dependency>
      <groupId>org.eclipse.jetty</groupId>
      <artifactId>jetty-client</artifactId>
      <version>9.3.6.v20151106</version>
      <scope>compile</scope>
    </dependency>
    <dependency>
      <groupId>org.eclipse.jetty</groupId>
      <artifactId>jetty-io</artifactId>
      <version>9.3.6.v20151106</version>
      <scope>compile</scope>
    </dependency>
    <dependency>
      <groupId>org.eclipse.jetty</groupId>
      <artifactId>jetty-util</artifactId>
      <version>9.3.6.v20151106</version>
      <scope>compile</scope>
    </dependency>
    <dependency>
      <groupId>org.eclipse.jetty</groupId>
      <artifactId>jetty-http</artifactId>
      <version>9.3.6.v20151106</version>
      <scope>compile</scope>
    </dependency>
    <dependency>
      <groupId>com.proofpoint.platform</groupId>
      <artifactId>concurrent</artifactId>
      <version>1.31-SNAPSHOT</version>
      <scope>compile</scope>
    </dependency>
    <dependency>
      <groupId>com.proofpoint.platform</groupId>
      <artifactId>json</artifactId>
      <version>1.31-SNAPSHOT</version>
      <scope>compile</scope>
    </dependency>
    <dependency>
      <groupId>com.proofpoint.platform</groupId>
      <artifactId>log</artifactId>
      <version>1.31-SNAPSHOT</version>
      <scope>compile</scope>
    </dependency>
    <dependency>
      <groupId>com.proofpoint.platform</groupId>
      <artifactId>units</artifactId>
      <version>1.31-SNAPSHOT</version>
      <scope>compile</scope>
    </dependency>
    <dependency>
      <groupId>com.proofpoint.platform</groupId>
      <artifactId>stats</artifactId>
      <version>1.31-SNAPSHOT</version>
      <scope>compile</scope>
    </dependency>
    <dependency>
      <groupId>com.proofpoint.platform</groupId>
      <artifactId>configuration</artifactId>
      <version>1.31-SNAPSHOT</version>
      <scope>compile</scope>
    </dependency>
    <dependency>
      <groupId>com.proofpoint.platform</groupId>
      <artifactId>trace-token</artifactId>
      <version>1.31-SNAPSHOT</version>
      <scope>compile</scope>
    </dependency>
    <dependency>
      <groupId>javax.validation</groupId>
      <artifactId>validation-api</artifactId>
      <version>1.1.0.Final</version>
      <scope>compile</scope>
    </dependency>
    <dependency>
      <groupId>javax.inject</groupId>
      <artifactId>javax.inject</artifactId>
      <version>1</version>
      <scope>compile</scope>
    </dependency>
    <dependency>
      <groupId>org.weakref</groupId>
      <artifactId>jmxutils</artifactId>
      <version>1.18</version>
      <scope>compile</scope>
    </dependency>
    <dependency>
      <groupId>com.google.inject</groupId>
      <artifactId>guice</artifactId>
      <version>4.0</version>
      <scope>compile</scope>
    </dependency>
    <dependency>
      <groupId>com.google.inject.extensions</groupId>
      <artifactId>guice-multibindings</artifactId>
      <version>4.0</version>
      <scope>compile</scope>
    </dependency>
    <dependency>
      <groupId>com.google.guava</groupId>
      <artifactId>guava</artifactId>
      <version>19.0</version>
      <scope>compile</scope>
    </dependency>
    <dependency>
      <groupId>com.google.code.findbugs</groupId>
      <artifactId>annotations</artifactId>
      <version>2.0.3</version>
      <scope>compile</scope>
    </dependency>
    <dependency>
      <groupId>com.fasterxml.jackson.dataformat</groupId>
      <artifactId>jackson-dataformat-smile</artifactId>
      <version>2.6.4</version>
      <scope>compile</scope>
    </dependency>
    <dependency>
      <groupId>javax.ws.rs</groupId>
      <artifactId>javax.ws.rs-api</artifactId>
      <version>2.0.1</version>
      <scope>provided</scope>
    </dependency>
    <dependency>
      <groupId>com.proofpoint.platform</groupId>
      <artifactId>testing</artifactId>
      <version>1.31-SNAPSHOT</version>
      <scope>test</scope>
    </dependency>
    <dependency>
      <groupId>org.testng</groupId>
      <artifactId>testng</artifactId>
      <version>6.9.6</version>
      <scope>test</scope>
      <exclusions>
        <exclusion>
          <artifactId>junit</artifactId>
          <groupId>junit</groupId>
        </exclusion>
        <exclusion>
          <artifactId>guice</artifactId>
          <groupId>com.google.inject</groupId>
        </exclusion>
      </exclusions>
    </dependency>
    <dependency>
      <groupId>com.proofpoint.platform</groupId>
      <artifactId>bootstrap</artifactId>
      <version>1.31-SNAPSHOT</version>
      <scope>test</scope>
    </dependency>
    <dependency>
      <groupId>org.eclipse.jetty</groupId>
      <artifactId>jetty-server</artifactId>
      <version>9.3.6.v20151106</version>
      <scope>test</scope>
      <exclusions>
        <exclusion>
          <artifactId>javax.servlet</artifactId>
          <groupId>org.eclipse.jetty.orbit</groupId>
        </exclusion>
      </exclusions>
    </dependency>
    <dependency>
      <groupId>javax.servlet</groupId>
      <artifactId>javax.servlet-api</artifactId>
      <version>3.1.0</version>
      <scope>test</scope>
    </dependency>
    <dependency>
      <groupId>org.eclipse.jetty</groupId>
      <artifactId>jetty-servlet</artifactId>
      <version>9.3.6.v20151106</version>
      <scope>test</scope>
    </dependency>
    <dependency>
      <groupId>org.mockito</groupId>
      <artifactId>mockito-core</artifactId>
      <version>1.10.8</version>
      <scope>test</scope>
    </dependency>
    <dependency>
      <groupId>com.fasterxml.jackson.core</groupId>
      <artifactId>jackson-annotations</artifactId>
      <version>2.6.4</version>
      <scope>test</scope>
    </dependency>
    <dependency>
      <groupId>io.sealights.on-premise.agents</groupId>
      <artifactId>java-agent-api</artifactId>
      <version>1.0.0-SNAPSHOT</version>
      <scope>test</scope>
    </dependency>
  </dependencies>
  <repositories>
    <repository>
      <snapshots>
        <enabled>false</enabled>
      </snapshots>
      <id>central</id>
      <name>Central Repository</name>
      <url>https://repo.maven.apache.org/maven2</url>
    </repository>
  </repositories>
  <pluginRepositories>
    <pluginRepository>
      <releases>
        <updatePolicy>never</updatePolicy>
      </releases>
      <snapshots>
        <enabled>false</enabled>
      </snapshots>
      <id>central</id>
      <name>Central Repository</name>
      <url>https://repo.maven.apache.org/maven2</url>
    </pluginRepository>
  </pluginRepositories>
  <build>
    <sourceDirectory>C:\Work\Playground\ProofpointPlatformConfigTest\http-client\src\main\java</sourceDirectory>
    <scriptSourceDirectory>C:\Work\Playground\ProofpointPlatformConfigTest\http-client\src\main\scripts</scriptSourceDirectory>
    <testSourceDirectory>C:\Work\Playground\ProofpointPlatformConfigTest\http-client\src\test\java</testSourceDirectory>
    <outputDirectory>C:\Work\Playground\ProofpointPlatformConfigTest\http-client\target\classes</outputDirectory>
    <testOutputDirectory>C:\Work\Playground\ProofpointPlatformConfigTest\http-client\target\test-classes</testOutputDirectory>
    <resources>
      <resource>
        <directory>C:\Work\Playground\ProofpointPlatformConfigTest\http-client\src\main\resources</directory>
      </resource>
    </resources>
    <testResources>
      <testResource>
        <directory>C:\Work\Playground\ProofpointPlatformConfigTest\http-client\src\test\resources</directory>
      </testResource>
    </testResources>
    <directory>C:\Work\Playground\ProofpointPlatformConfigTest\http-client\target</directory>
    <finalName>http-client-1.31-SNAPSHOT</finalName>
    <pluginManagement>
      <plugins>
        <plugin>
          <artifactId>maven-antrun-plugin</artifactId>
          <version>1.7</version>
        </plugin>
        <plugin>
          <artifactId>maven-deploy-plugin</artifactId>
          <version>2.7</version>
        </plugin>
        <plugin>
          <artifactId>maven-clean-plugin</artifactId>
          <version>2.5</version>
        </plugin>
        <plugin>
          <artifactId>maven-install-plugin</artifactId>
          <version>2.4</version>
        </plugin>
        <plugin>
          <groupId>org.codehaus.mojo</groupId>
          <artifactId>build-helper-maven-plugin</artifactId>
          <version>1.8</version>
        </plugin>
        <plugin>
          <artifactId>maven-enforcer-plugin</artifactId>
          <version>1.2</version>
          <executions>
            <execution>
              <phase>validate</phase>
              <goals>
                <goal>enforce</goal>
              </goals>
              <configuration>
                <skip>false</skip>
                <fail>true</fail>
                <failFast>false</failFast>
                <rules>
                  <requirePluginVersions />
                  <bannedDependencies>
                    <excludes>
                      <exclude>commons-logging:commons-logging-api</exclude>
                      <exclude>cglib:cglib</exclude>
                      <exclude>junit:junit</exclude>
                      <exclude>com.google.collections:google-collections</exclude>
                      <exclude>com.google.guava:guava</exclude>
                      <exclude>com.google.code.findbugs:jsr305</exclude>
                      <exclude>org.eclipse.jetty.orbit:javax.servlet</exclude>
                      <exclude>com.proofpoint.platform:jmx-http-rpc-experimental</exclude>
                      <exclude>com.proofpoint.platform:discovery-experimental</exclude>
                      <exclude>com.proofpoint.platform:event-experimental</exclude>
                      <exclude>com.proofpoint.platform:http-client-experimental</exclude>
                      <exclude>com.proofpoint.platform:jmx-http-experimental</exclude>
                      <exclude>com.proofpoint.platform:rack-experimental</exclude>
                      <exclude>com.proofpoint.platform:rack-launcher-experimental</exclude>
                      <exclude>com.proofpoint.platform:rack-packaging-experimental</exclude>
                      <exclude>com.proofpoint.platform:rack-server-base-experimental</exclude>
                    </excludes>
                    <includes>
                      <include>com.google.guava:guava:[10.0.1,)</include>
                      <include>junit:junit:[4.11,)</include>
                    </includes>
                  </bannedDependencies>
                  <requireMavenVersion>
                    <version>3.2.3</version>
                  </requireMavenVersion>
                  <requireJavaVersion>
                    <version>1.8</version>
                  </requireJavaVersion>
                </rules>
              </configuration>
            </execution>
          </executions>
          <configuration>
            <skip>false</skip>
            <fail>true</fail>
            <failFast>false</failFast>
            <rules>
              <requirePluginVersions />
              <bannedDependencies>
                <excludes>
                  <exclude>commons-logging:commons-logging-api</exclude>
                  <exclude>cglib:cglib</exclude>
                  <exclude>junit:junit</exclude>
                  <exclude>com.google.collections:google-collections</exclude>
                  <exclude>com.google.guava:guava</exclude>
                  <exclude>com.google.code.findbugs:jsr305</exclude>
                  <exclude>org.eclipse.jetty.orbit:javax.servlet</exclude>
                  <exclude>com.proofpoint.platform:jmx-http-rpc-experimental</exclude>
                  <exclude>com.proofpoint.platform:discovery-experimental</exclude>
                  <exclude>com.proofpoint.platform:event-experimental</exclude>
                  <exclude>com.proofpoint.platform:http-client-experimental</exclude>
                  <exclude>com.proofpoint.platform:jmx-http-experimental</exclude>
                  <exclude>com.proofpoint.platform:rack-experimental</exclude>
                  <exclude>com.proofpoint.platform:rack-launcher-experimental</exclude>
                  <exclude>com.proofpoint.platform:rack-packaging-experimental</exclude>
                  <exclude>com.proofpoint.platform:rack-server-base-experimental</exclude>
                </excludes>
                <includes>
                  <include>com.google.guava:guava:[10.0.1,)</include>
                  <include>junit:junit:[4.11,)</include>
                </includes>
              </bannedDependencies>
              <requireMavenVersion>
                <version>3.2.3</version>
              </requireMavenVersion>
              <requireJavaVersion>
                <version>1.8</version>
              </requireJavaVersion>
            </rules>
          </configuration>
        </plugin>
        <plugin>
          <artifactId>maven-compiler-plugin</artifactId>
          <version>3.0</version>
          <configuration>
            <source>1.8</source>
            <target>1.8</target>
            <encoding>UTF-8</encoding>
            <maxmem>1024m</maxmem>
            <showWarnings>true</showWarnings>
            <fork>true</fork>
          </configuration>
        </plugin>
        <plugin>
          <artifactId>maven-resources-plugin</artifactId>
          <version>2.7</version>
          <configuration>
            <encoding>UTF-8</encoding>
          </configuration>
        </plugin>
        <plugin>
          <artifactId>maven-assembly-plugin</artifactId>
          <version>2.5.3</version>
          <configuration>
            <appendAssemblyId>true</appendAssemblyId>
            <tarLongFileMode>posix</tarLongFileMode>
          </configuration>
        </plugin>
        <plugin>
          <artifactId>maven-dependency-plugin</artifactId>
          <version>2.8</version>
        </plugin>
        <plugin>
          <artifactId>maven-surefire-plugin</artifactId>
          <version>2.16</version>
          <configuration>
            <additionalClasspathElements>
              <additionalClasspathElement>C:\Users\admin/.m2/repository/io/sealights/on-premise/agents/java-agent-api/1.0.0-SNAPSHOT/java-agent-api-1.0.0-SNAPSHOT.jar</additionalClasspathElement>
            </additionalClasspathElements>
            <argLine>${argLine}</argLine>
            <systemPropertyVariables>
              <file.encoding>UTF-8</file.encoding>
              <sun.jnu.encoding>UTF-8</sun.jnu.encoding>
              <user.timezone>UTC</user.timezone>
              <java.awt.headless>true</java.awt.headless>
            </systemPropertyVariables>
            <forkMode>once</forkMode>
            <runOrder>random</runOrder>
          </configuration>
        </plugin>
        <plugin>
          <artifactId>maven-invoker-plugin</artifactId>
          <version>2.0.0</version>
        </plugin>
        <plugin>
          <artifactId>maven-release-plugin</artifactId>
          <version>2.5</version>
          <configuration>
            <mavenExecutorId>forked-path</mavenExecutorId>
            <arguments>-Psonatype-oss-release</arguments>
            <useReleaseProfile>false</useReleaseProfile>
            <pushChanges>false</pushChanges>
            <localCheckout>true</localCheckout>
            <preparationGoals>clean install</preparationGoals>
            <autoVersionSubmodules>true</autoVersionSubmodules>
            <tagNameFormat>@{project.version}</tagNameFormat>
          </configuration>
        </plugin>
        <plugin>
          <artifactId>maven-javadoc-plugin</artifactId>
          <version>2.9</version>
          <executions>
            <execution>
              <id>attach-javadocs</id>
              <phase>verify</phase>
              <goals>
                <goal>jar</goal>
              </goals>
              <configuration>
                <quiet>true</quiet>
                <source>1.8</source>
                <encoding>UTF-8</encoding>
                <maxmemory>1024m</maxmemory>
                <additionalparam>-Xdoclint:all</additionalparam>
              </configuration>
            </execution>
          </executions>
          <configuration>
            <quiet>true</quiet>
            <source>1.8</source>
            <encoding>UTF-8</encoding>
            <maxmemory>1024m</maxmemory>
            <additionalparam>-Xdoclint:all</additionalparam>
          </configuration>
        </plugin>
        <plugin>
          <artifactId>maven-jar-plugin</artifactId>
          <version>2.4</version>
        </plugin>
        <plugin>
          <artifactId>maven-source-plugin</artifactId>
          <version>2.2.1</version>
          <executions>
            <execution>
              <id>attach-sources</id>
              <phase>package</phase>
              <goals>
                <goal>jar-no-fork</goal>
                <goal>test-jar-no-fork</goal>
              </goals>
            </execution>
          </executions>
        </plugin>
        <plugin>
          <groupId>com.ning.maven.plugins</groupId>
          <artifactId>maven-duplicate-finder-plugin</artifactId>
          <version>1.0.6</version>
          <executions>
            <execution>
              <phase>process-test-classes</phase>
              <goals>
                <goal>check</goal>
              </goals>
              <configuration>
                <skip>false</skip>
                <failBuildInCaseOfConflict>true</failBuildInCaseOfConflict>
                <exceptions>
                  <exception>
                    <conflictingDependencies>
                      <dependency>
                        <groupId>com.proofpoint.platform</groupId>
                        <artifactId>http-server</artifactId>
                      </dependency>
                      <dependency>
                        <groupId>com.proofpoint.platform</groupId>
                        <artifactId>http-client</artifactId>
                      </dependency>
                    </conflictingDependencies>
                    <resources>
                      <resource>jetty-logging.properties</resource>
                    </resources>
                  </exception>
                  <exception>
                    <conflictingDependencies>
                      <dependency>
                        <groupId>commons-beanutils</groupId>
                        <artifactId>commons-beanutils-core</artifactId>
                        <version>1.8.3</version>
                      </dependency>
                      <dependency>
                        <groupId>commons-collections</groupId>
                        <artifactId>commons-collections</artifactId>
                        <version>3.2.1</version>
                      </dependency>
                    </conflictingDependencies>
                    <classes>
                      <class>org.apache.commons.collections.ArrayStack</class>
                      <class>org.apache.commons.collections.Buffer</class>
                      <class>org.apache.commons.collections.BufferUnderflowException</class>
                      <class>org.apache.commons.collections.FastHashMap</class>
                    </classes>
                  </exception>
                </exceptions>
                <ignoredResources>
                  <ignoredResource>about\.html</ignoredResource>
                  <ignoredResource>META-INF/.*</ignoredResource>
                  <ignoredResource>about_files/.*</ignoredResource>
                  <ignoredResource>plugin\.properties</ignoredResource>
                  <ignoredResource>.*\.java</ignoredResource>
                  <ignoredResource>THIRD-PARTY</ignoredResource>
                </ignoredResources>
                <ignoredDependencies>
                  <dependency>
                    <groupId>org.jruby</groupId>
                    <artifactId>jruby-complete</artifactId>
                  </dependency>
                </ignoredDependencies>
              </configuration>
            </execution>
          </executions>
          <configuration>
            <skip>false</skip>
            <failBuildInCaseOfConflict>true</failBuildInCaseOfConflict>
            <exceptions>
              <exception>
                <conflictingDependencies>
                  <dependency>
                    <groupId>com.proofpoint.platform</groupId>
                    <artifactId>http-server</artifactId>
                  </dependency>
                  <dependency>
                    <groupId>com.proofpoint.platform</groupId>
                    <artifactId>http-client</artifactId>
                  </dependency>
                </conflictingDependencies>
                <resources>
                  <resource>jetty-logging.properties</resource>
                </resources>
              </exception>
              <exception>
                <conflictingDependencies>
                  <dependency>
                    <groupId>commons-beanutils</groupId>
                    <artifactId>commons-beanutils-core</artifactId>
                    <version>1.8.3</version>
                  </dependency>
                  <dependency>
                    <groupId>commons-collections</groupId>
                    <artifactId>commons-collections</artifactId>
                    <version>3.2.1</version>
                  </dependency>
                </conflictingDependencies>
                <classes>
                  <class>org.apache.commons.collections.ArrayStack</class>
                  <class>org.apache.commons.collections.Buffer</class>
                  <class>org.apache.commons.collections.BufferUnderflowException</class>
                  <class>org.apache.commons.collections.FastHashMap</class>
                </classes>
              </exception>
            </exceptions>
            <ignoredResources>
              <ignoredResource>about\.html</ignoredResource>
              <ignoredResource>META-INF/.*</ignoredResource>
              <ignoredResource>about_files/.*</ignoredResource>
              <ignoredResource>plugin\.properties</ignoredResource>
              <ignoredResource>.*\.java</ignoredResource>
              <ignoredResource>THIRD-PARTY</ignoredResource>
            </ignoredResources>
            <ignoredDependencies>
              <dependency>
                <groupId>org.jruby</groupId>
                <artifactId>jruby-complete</artifactId>
              </dependency>
            </ignoredDependencies>
          </configuration>
        </plugin>
        <plugin>
          <groupId>org.codehaus.mojo</groupId>
          <artifactId>findbugs-maven-plugin</artifactId>
          <version>3.0.1</version>
          <executions>
            <execution>
              <phase>verify</phase>
              <goals>
                <goal>check</goal>
              </goals>
              <configuration>
                <skip>false</skip>
                <jvmArgs>-Xmx1024m</jvmArgs>
                <failOnError>false</failOnError>
              </configuration>
            </execution>
          </executions>
          <configuration>
            <skip>false</skip>
            <jvmArgs>-Xmx1024m</jvmArgs>
            <failOnError>false</failOnError>
          </configuration>
        </plugin>
        <plugin>
          <groupId>com.mycila.maven-license-plugin</groupId>
          <artifactId>maven-license-plugin</artifactId>
          <version>1.9.0</version>
          <configuration>
            <skipExistingHeaders>true</skipExistingHeaders>
            <header>license-header.txt</header>
            <mapping>
              <java>SLASHSTAR_STYLE</java>
            </mapping>
            <excludes>
              <exclude>**/README.txt</exclude>
              <exclude>**/config.properties</exclude>
              <exclude>**/log.properties</exclude>
              <exclude>**/src/*/resources/**</exclude>
              <exclude>**/*.html</exclude>
            </excludes>
          </configuration>
        </plugin>
        <plugin>
          <groupId>org.jacoco</groupId>
          <artifactId>jacoco-maven-plugin</artifactId>
          <version>0.7.4.201502262128</version>
          <executions>
            <execution>
              <goals>
                <goal>prepare-agent</goal>
              </goals>
              <configuration>
                <skip>false</skip>
              </configuration>
            </execution>
            <execution>
              <id>post-unit-test</id>
              <phase>test</phase>
              <goals>
                <goal>report</goal>
              </goals>
              <configuration>
                <dataFile>C:\Work\Playground\ProofpointPlatformConfigTest\http-client\target/coverage-reports/jacoco-ut.exec</dataFile>
                <outputDirectory>C:\Work\Playground\ProofpointPlatformConfigTest\http-client\target\site/jacoco-ut</outputDirectory>
                <skip>false</skip>
              </configuration>
            </execution>
          </executions>
          <configuration>
            <skip>false</skip>
          </configuration>
        </plugin>
        <plugin>
          <artifactId>maven-site-plugin</artifactId>
          <version>3.2</version>
        </plugin>
        <plugin>
          <artifactId>maven-gpg-plugin</artifactId>
          <version>1.4</version>
          <executions>
            <execution>
              <id>sign-artifacts</id>
              <phase>verify</phase>
              <goals>
                <goal>sign</goal>
              </goals>
              <configuration>
                <useAgent>true</useAgent>
              </configuration>
            </execution>
          </executions>
          <configuration>
            <useAgent>true</useAgent>
          </configuration>
        </plugin>
      </plugins>
    </pluginManagement>
    <plugins>
      <plugin>
        <artifactId>maven-compiler-plugin</artifactId>
        <version>3.0</version>
        <executions>
          <execution>
            <id>default-compile</id>
            <phase>compile</phase>
            <goals>
              <goal>compile</goal>
            </goals>
            <configuration>
              <source>1.8</source>
              <target>1.8</target>
              <encoding>UTF-8</encoding>
              <maxmem>1024m</maxmem>
              <showWarnings>true</showWarnings>
              <fork>true</fork>
            </configuration>
          </execution>
          <execution>
            <id>default-testCompile</id>
            <phase>test-compile</phase>
            <goals>
              <goal>testCompile</goal>
            </goals>
            <configuration>
              <source>1.8</source>
              <target>1.8</target>
              <encoding>UTF-8</encoding>
              <maxmem>1024m</maxmem>
              <showWarnings>true</showWarnings>
              <fork>true</fork>
            </configuration>
          </execution>
        </executions>
        <configuration>
          <source>1.8</source>
          <target>1.8</target>
          <encoding>UTF-8</encoding>
          <maxmem>1024m</maxmem>
          <showWarnings>true</showWarnings>
          <fork>true</fork>
        </configuration>
      </plugin>
      <plugin>
        <artifactId>maven-resources-plugin</artifactId>
        <version>2.7</version>
        <executions>
          <execution>
            <id>default-testResources</id>
            <phase>process-test-resources</phase>
            <goals>
              <goal>testResources</goal>
            </goals>
            <configuration>
              <encoding>UTF-8</encoding>
            </configuration>
          </execution>
          <execution>
            <id>default-resources</id>
            <phase>process-resources</phase>
            <goals>
              <goal>resources</goal>
            </goals>
            <configuration>
              <encoding>UTF-8</encoding>
            </configuration>
          </execution>
        </executions>
        <configuration>
          <encoding>UTF-8</encoding>
        </configuration>
      </plugin>
      <plugin>
        <artifactId>maven-jar-plugin</artifactId>
        <version>2.4</version>
        <executions>
          <execution>
            <id>default-jar</id>
            <phase>package</phase>
            <goals>
              <goal>jar</goal>
            </goals>
          </execution>
        </executions>
      </plugin>
      <plugin>
        <artifactId>maven-source-plugin</artifactId>
        <version>2.2.1</version>
        <executions>
          <execution>
            <id>attach-sources</id>
            <phase>package</phase>
            <goals>
              <goal>jar-no-fork</goal>
              <goal>test-jar-no-fork</goal>
            </goals>
          </execution>
        </executions>
      </plugin>
      <plugin>
        <artifactId>maven-assembly-plugin</artifactId>
        <version>2.5.3</version>
        <configuration>
          <appendAssemblyId>true</appendAssemblyId>
          <tarLongFileMode>posix</tarLongFileMode>
        </configuration>
      </plugin>
      <plugin>
        <artifactId>maven-surefire-plugin</artifactId>
        <version>2.16</version>
        <executions>
          <execution>
            <id>default-test</id>
            <phase>test</phase>
            <goals>
              <goal>test</goal>
            </goals>
            <configuration>
              <additionalClasspathElements>
                <additionalClasspathElement>C:\Users\admin/.m2/repository/io/sealights/on-premise/agents/java-agent-api/1.0.0-SNAPSHOT/java-agent-api-1.0.0-SNAPSHOT.jar</additionalClasspathElement>
              </additionalClasspathElements>
              <argLine>${argLine}</argLine>
              <systemPropertyVariables>
                <file.encoding>UTF-8</file.encoding>
                <sun.jnu.encoding>UTF-8</sun.jnu.encoding>
                <user.timezone>UTC</user.timezone>
                <java.awt.headless>true</java.awt.headless>
              </systemPropertyVariables>
              <forkMode>once</forkMode>
              <runOrder>random</runOrder>
            </configuration>
          </execution>
        </executions>
        <configuration>
          <additionalClasspathElements>
            <additionalClasspathElement>C:\Users\admin/.m2/repository/io/sealights/on-premise/agents/java-agent-api/1.0.0-SNAPSHOT/java-agent-api-1.0.0-SNAPSHOT.jar</additionalClasspathElement>
          </additionalClasspathElements>
          <argLine>${argLine}</argLine>
          <systemPropertyVariables>
            <file.encoding>UTF-8</file.encoding>
            <sun.jnu.encoding>UTF-8</sun.jnu.encoding>
            <user.timezone>UTC</user.timezone>
            <java.awt.headless>true</java.awt.headless>
          </systemPropertyVariables>
          <forkMode>once</forkMode>
          <runOrder>random</runOrder>
        </configuration>
      </plugin>
      <plugin>
        <artifactId>maven-enforcer-plugin</artifactId>
        <version>1.2</version>
        <executions>
          <execution>
            <phase>validate</phase>
            <goals>
              <goal>enforce</goal>
            </goals>
            <configuration>
              <skip>false</skip>
              <fail>true</fail>
              <failFast>false</failFast>
              <rules>
                <requirePluginVersions />
                <bannedDependencies>
                  <excludes>
                    <exclude>commons-logging:commons-logging-api</exclude>
                    <exclude>cglib:cglib</exclude>
                    <exclude>junit:junit</exclude>
                    <exclude>com.google.collections:google-collections</exclude>
                    <exclude>com.google.guava:guava</exclude>
                    <exclude>com.google.code.findbugs:jsr305</exclude>
                    <exclude>org.eclipse.jetty.orbit:javax.servlet</exclude>
                    <exclude>com.proofpoint.platform:jmx-http-rpc-experimental</exclude>
                    <exclude>com.proofpoint.platform:discovery-experimental</exclude>
                    <exclude>com.proofpoint.platform:event-experimental</exclude>
                    <exclude>com.proofpoint.platform:http-client-experimental</exclude>
                    <exclude>com.proofpoint.platform:jmx-http-experimental</exclude>
                    <exclude>com.proofpoint.platform:rack-experimental</exclude>
                    <exclude>com.proofpoint.platform:rack-launcher-experimental</exclude>
                    <exclude>com.proofpoint.platform:rack-packaging-experimental</exclude>
                    <exclude>com.proofpoint.platform:rack-server-base-experimental</exclude>
                  </excludes>
                  <includes>
                    <include>com.google.guava:guava:[10.0.1,)</include>
                    <include>junit:junit:[4.11,)</include>
                  </includes>
                </bannedDependencies>
                <requireMavenVersion>
                  <version>3.2.3</version>
                </requireMavenVersion>
                <requireJavaVersion>
                  <version>1.8</version>
                </requireJavaVersion>
              </rules>
            </configuration>
          </execution>
        </executions>
        <configuration>
          <skip>false</skip>
          <fail>true</fail>
          <failFast>false</failFast>
          <rules>
            <requirePluginVersions />
            <bannedDependencies>
              <excludes>
                <exclude>commons-logging:commons-logging-api</exclude>
                <exclude>cglib:cglib</exclude>
                <exclude>junit:junit</exclude>
                <exclude>com.google.collections:google-collections</exclude>
                <exclude>com.google.guava:guava</exclude>
                <exclude>com.google.code.findbugs:jsr305</exclude>
                <exclude>org.eclipse.jetty.orbit:javax.servlet</exclude>
                <exclude>com.proofpoint.platform:jmx-http-rpc-experimental</exclude>
                <exclude>com.proofpoint.platform:discovery-experimental</exclude>
                <exclude>com.proofpoint.platform:event-experimental</exclude>
                <exclude>com.proofpoint.platform:http-client-experimental</exclude>
                <exclude>com.proofpoint.platform:jmx-http-experimental</exclude>
                <exclude>com.proofpoint.platform:rack-experimental</exclude>
                <exclude>com.proofpoint.platform:rack-launcher-experimental</exclude>
                <exclude>com.proofpoint.platform:rack-packaging-experimental</exclude>
                <exclude>com.proofpoint.platform:rack-server-base-experimental</exclude>
              </excludes>
              <includes>
                <include>com.google.guava:guava:[10.0.1,)</include>
                <include>junit:junit:[4.11,)</include>
              </includes>
            </bannedDependencies>
            <requireMavenVersion>
              <version>3.2.3</version>
            </requireMavenVersion>
            <requireJavaVersion>
              <version>1.8</version>
            </requireJavaVersion>
          </rules>
        </configuration>
      </plugin>
      <plugin>
        <groupId>com.ning.maven.plugins</groupId>
        <artifactId>maven-duplicate-finder-plugin</artifactId>
        <version>1.0.6</version>
        <executions>
          <execution>
            <phase>process-test-classes</phase>
            <goals>
              <goal>check</goal>
            </goals>
            <configuration>
              <skip>false</skip>
              <failBuildInCaseOfConflict>true</failBuildInCaseOfConflict>
              <exceptions>
                <exception>
                  <conflictingDependencies>
                    <dependency>
                      <groupId>com.proofpoint.platform</groupId>
                      <artifactId>http-server</artifactId>
                    </dependency>
                    <dependency>
                      <groupId>com.proofpoint.platform</groupId>
                      <artifactId>http-client</artifactId>
                    </dependency>
                  </conflictingDependencies>
                  <resources>
                    <resource>jetty-logging.properties</resource>
                  </resources>
                </exception>
                <exception>
                  <conflictingDependencies>
                    <dependency>
                      <groupId>commons-beanutils</groupId>
                      <artifactId>commons-beanutils-core</artifactId>
                      <version>1.8.3</version>
                    </dependency>
                    <dependency>
                      <groupId>commons-collections</groupId>
                      <artifactId>commons-collections</artifactId>
                      <version>3.2.1</version>
                    </dependency>
                  </conflictingDependencies>
                  <classes>
                    <class>org.apache.commons.collections.ArrayStack</class>
                    <class>org.apache.commons.collections.Buffer</class>
                    <class>org.apache.commons.collections.BufferUnderflowException</class>
                    <class>org.apache.commons.collections.FastHashMap</class>
                  </classes>
                </exception>
              </exceptions>
              <ignoredResources>
                <ignoredResource>about\.html</ignoredResource>
                <ignoredResource>META-INF/.*</ignoredResource>
                <ignoredResource>about_files/.*</ignoredResource>
                <ignoredResource>plugin\.properties</ignoredResource>
                <ignoredResource>.*\.java</ignoredResource>
                <ignoredResource>THIRD-PARTY</ignoredResource>
              </ignoredResources>
              <ignoredDependencies>
                <dependency>
                  <groupId>org.jruby</groupId>
                  <artifactId>jruby-complete</artifactId>
                </dependency>
              </ignoredDependencies>
            </configuration>
          </execution>
        </executions>
        <configuration>
          <skip>false</skip>
          <failBuildInCaseOfConflict>true</failBuildInCaseOfConflict>
          <exceptions>
            <exception>
              <conflictingDependencies>
                <dependency>
                  <groupId>com.proofpoint.platform</groupId>
                  <artifactId>http-server</artifactId>
                </dependency>
                <dependency>
                  <groupId>com.proofpoint.platform</groupId>
                  <artifactId>http-client</artifactId>
                </dependency>
              </conflictingDependencies>
              <resources>
                <resource>jetty-logging.properties</resource>
              </resources>
            </exception>
            <exception>
              <conflictingDependencies>
                <dependency>
                  <groupId>commons-beanutils</groupId>
                  <artifactId>commons-beanutils-core</artifactId>
                  <version>1.8.3</version>
                </dependency>
                <dependency>
                  <groupId>commons-collections</groupId>
                  <artifactId>commons-collections</artifactId>
                  <version>3.2.1</version>
                </dependency>
              </conflictingDependencies>
              <classes>
                <class>org.apache.commons.collections.ArrayStack</class>
                <class>org.apache.commons.collections.Buffer</class>
                <class>org.apache.commons.collections.BufferUnderflowException</class>
                <class>org.apache.commons.collections.FastHashMap</class>
              </classes>
            </exception>
          </exceptions>
          <ignoredResources>
            <ignoredResource>about\.html</ignoredResource>
            <ignoredResource>META-INF/.*</ignoredResource>
            <ignoredResource>about_files/.*</ignoredResource>
            <ignoredResource>plugin\.properties</ignoredResource>
            <ignoredResource>.*\.java</ignoredResource>
            <ignoredResource>THIRD-PARTY</ignoredResource>
          </ignoredResources>
          <ignoredDependencies>
            <dependency>
              <groupId>org.jruby</groupId>
              <artifactId>jruby-complete</artifactId>
            </dependency>
          </ignoredDependencies>
        </configuration>
      </plugin>
      <plugin>
        <groupId>org.jacoco</groupId>
        <artifactId>jacoco-maven-plugin</artifactId>
        <version>0.7.4.201502262128</version>
        <executions>
          <execution>
            <goals>
              <goal>prepare-agent</goal>
            </goals>
            <configuration>
              <skip>false</skip>
            </configuration>
          </execution>
          <execution>
            <id>post-unit-test</id>
            <phase>test</phase>
            <goals>
              <goal>report</goal>
            </goals>
            <configuration>
              <dataFile>C:\Work\Playground\ProofpointPlatformConfigTest\http-client\target/coverage-reports/jacoco-ut.exec</dataFile>
              <outputDirectory>C:\Work\Playground\ProofpointPlatformConfigTest\http-client\target\site/jacoco-ut</outputDirectory>
              <skip>false</skip>
            </configuration>
          </execution>
        </executions>
        <configuration>
          <skip>false</skip>
        </configuration>
      </plugin>
      <plugin>
        <groupId>org.codehaus.mojo</groupId>
        <artifactId>findbugs-maven-plugin</artifactId>
        <version>3.0.1</version>
        <executions>
          <execution>
            <phase>verify</phase>
            <goals>
              <goal>check</goal>
            </goals>
            <configuration>
              <skip>false</skip>
              <jvmArgs>-Xmx1024m</jvmArgs>
              <failOnError>false</failOnError>
            </configuration>
          </execution>
        </executions>
        <configuration>
          <skip>false</skip>
          <jvmArgs>-Xmx1024m</jvmArgs>
          <failOnError>false</failOnError>
        </configuration>
      </plugin>
      <plugin>
        <artifactId>maven-clean-plugin</artifactId>
        <version>2.5</version>
        <executions>
          <execution>
            <id>default-clean</id>
            <phase>clean</phase>
            <goals>
              <goal>clean</goal>
            </goals>
          </execution>
        </executions>
      </plugin>
      <plugin>
        <artifactId>maven-install-plugin</artifactId>
        <version>2.4</version>
        <executions>
          <execution>
            <id>default-install</id>
            <phase>install</phase>
            <goals>
              <goal>install</goal>
            </goals>
          </execution>
        </executions>
      </plugin>
      <plugin>
        <artifactId>maven-deploy-plugin</artifactId>
        <version>2.7</version>
        <executions>
          <execution>
            <id>default-deploy</id>
            <phase>deploy</phase>
            <goals>
              <goal>deploy</goal>
            </goals>
          </execution>
        </executions>
      </plugin>
      <plugin>
        <artifactId>maven-site-plugin</artifactId>
        <version>3.2</version>
        <executions>
          <execution>
            <id>default-site</id>
            <phase>site</phase>
            <goals>
              <goal>site</goal>
            </goals>
            <configuration>
              <outputDirectory>C:\Work\Playground\ProofpointPlatformConfigTest\http-client\target\site</outputDirectory>
              <reportPlugins>
                <reportPlugin>
                  <groupId>org.apache.maven.plugins</groupId>
                  <artifactId>maven-project-info-reports-plugin</artifactId>
                </reportPlugin>
              </reportPlugins>
            </configuration>
          </execution>
          <execution>
            <id>default-deploy</id>
            <phase>site-deploy</phase>
            <goals>
              <goal>deploy</goal>
            </goals>
            <configuration>
              <outputDirectory>C:\Work\Playground\ProofpointPlatformConfigTest\http-client\target\site</outputDirectory>
              <reportPlugins>
                <reportPlugin>
                  <groupId>org.apache.maven.plugins</groupId>
                  <artifactId>maven-project-info-reports-plugin</artifactId>
                </reportPlugin>
              </reportPlugins>
            </configuration>
          </execution>
        </executions>
        <configuration>
          <outputDirectory>C:\Work\Playground\ProofpointPlatformConfigTest\http-client\target\site</outputDirectory>
          <reportPlugins>
            <reportPlugin>
              <groupId>org.apache.maven.plugins</groupId>
              <artifactId>maven-project-info-reports-plugin</artifactId>
            </reportPlugin>
          </reportPlugins>
        </configuration>
      </plugin>
    </plugins>
  </build>
  <reporting>
    <outputDirectory>C:\Work\Playground\ProofpointPlatformConfigTest\http-client\target\site</outputDirectory>
  </reporting>
</project>

[INFO] ------------------------------------------------------------------------
[INFO] BUILD SUCCESS
[INFO] ------------------------------------------------------------------------
[INFO] Total time: 0.776 s
[INFO] Finished at: 2016-03-03T15:54:34+02:00
[INFO] Final Memory: 13M/245M
[INFO] ------------------------------------------------------------------------
